
================================================================================
ERROR: 2026-01-13 23:40:37
Type: AssertionError
Message: View function mapping is overwriting an existing endpoint function: reporteria.generar_grafico
Traceback:
Traceback (most recent call last):
  File "c:\Users\Yoel Abreu\OneDrive\Desktop\CV-Yoel Abreu\Astro\AppWeb\backend\run.py", line 180, in <module>
    app, login_manager = create_app()
                         ^^^^^^^^^^^^
  File "c:\Users\Yoel Abreu\OneDrive\Desktop\CV-Yoel Abreu\Astro\AppWeb\backend\app\__init__.py", line 128, in create_app
    app.register_blueprint(reporteria_bp, url_prefix='/reporteria')
  File "C:\Users\Yoel Abreu\OneDrive\Desktop\CV-Yoel Abreu\Astro\AppWeb\env\Lib\site-packages\flask\sansio\scaffold.py", line 47, in wrapper_func
    return f(self, *args, **kwargs)
           ^^^^^^^^^^^^^^^^^^^^^^^^
  File "C:\Users\Yoel Abreu\OneDrive\Desktop\CV-Yoel Abreu\Astro\AppWeb\env\Lib\site-packages\flask\sansio\app.py", line 595, in register_blueprint
    blueprint.register(self, options)
  File "C:\Users\Yoel Abreu\OneDrive\Desktop\CV-Yoel Abreu\Astro\AppWeb\env\Lib\site-packages\flask\sansio\blueprints.py", line 335, in register
    deferred(state)
  File "C:\Users\Yoel Abreu\OneDrive\Desktop\CV-Yoel Abreu\Astro\AppWeb\env\Lib\site-packages\flask\sansio\blueprints.py", line 434, in <lambda>
    lambda s: s.add_url_rule(
              ^^^^^^^^^^^^^^^
  File "C:\Users\Yoel Abreu\OneDrive\Desktop\CV-Yoel Abreu\Astro\AppWeb\env\Lib\site-packages\flask\sansio\blueprints.py", line 110, in add_url_rule
    self.app.add_url_rule(
  File "C:\Users\Yoel Abreu\OneDrive\Desktop\CV-Yoel Abreu\Astro\AppWeb\env\Lib\site-packages\flask\sansio\scaffold.py", line 47, in wrapper_func
    return f(self, *args, **kwargs)
           ^^^^^^^^^^^^^^^^^^^^^^^^
  File "C:\Users\Yoel Abreu\OneDrive\Desktop\CV-Yoel Abreu\Astro\AppWeb\env\Lib\site-packages\flask\sansio\app.py", line 657, in add_url_rule
    raise AssertionError(
AssertionError: View function mapping is overwriting an existing endpoint function: reporteria.generar_grafico
================================================================================

================================================================================
ERROR: 2026-01-13 23:40:46
Type: AssertionError
Message: View function mapping is overwriting an existing endpoint function: reporteria.generar_grafico
Traceback:
Traceback (most recent call last):
  File "c:\Users\Yoel Abreu\OneDrive\Desktop\CV-Yoel Abreu\Astro\AppWeb\backend\run.py", line 180, in <module>
    app, login_manager = create_app()
                         ^^^^^^^^^^^^
  File "c:\Users\Yoel Abreu\OneDrive\Desktop\CV-Yoel Abreu\Astro\AppWeb\backend\app\__init__.py", line 128, in create_app
    app.register_blueprint(reporteria_bp, url_prefix='/reporteria')
  File "C:\Users\Yoel Abreu\OneDrive\Desktop\CV-Yoel Abreu\Astro\AppWeb\env\Lib\site-packages\flask\sansio\scaffold.py", line 47, in wrapper_func
    return f(self, *args, **kwargs)
           ^^^^^^^^^^^^^^^^^^^^^^^^
  File "C:\Users\Yoel Abreu\OneDrive\Desktop\CV-Yoel Abreu\Astro\AppWeb\env\Lib\site-packages\flask\sansio\app.py", line 595, in register_blueprint
    blueprint.register(self, options)
  File "C:\Users\Yoel Abreu\OneDrive\Desktop\CV-Yoel Abreu\Astro\AppWeb\env\Lib\site-packages\flask\sansio\blueprints.py", line 335, in register
    deferred(state)
  File "C:\Users\Yoel Abreu\OneDrive\Desktop\CV-Yoel Abreu\Astro\AppWeb\env\Lib\site-packages\flask\sansio\blueprints.py", line 434, in <lambda>
    lambda s: s.add_url_rule(
              ^^^^^^^^^^^^^^^
  File "C:\Users\Yoel Abreu\OneDrive\Desktop\CV-Yoel Abreu\Astro\AppWeb\env\Lib\site-packages\flask\sansio\blueprints.py", line 110, in add_url_rule
    self.app.add_url_rule(
  File "C:\Users\Yoel Abreu\OneDrive\Desktop\CV-Yoel Abreu\Astro\AppWeb\env\Lib\site-packages\flask\sansio\scaffold.py", line 47, in wrapper_func
    return f(self, *args, **kwargs)
           ^^^^^^^^^^^^^^^^^^^^^^^^
  File "C:\Users\Yoel Abreu\OneDrive\Desktop\CV-Yoel Abreu\Astro\AppWeb\env\Lib\site-packages\flask\sansio\app.py", line 657, in add_url_rule
    raise AssertionError(
AssertionError: View function mapping is overwriting an existing endpoint function: reporteria.generar_grafico
================================================================================
