
================================================================================
ERROR: 2026-02-04 16:17:45
Type: ModuleNotFoundError
Message: No module named 'exifread'
Traceback:
Traceback (most recent call last):
  File "c:\Users\Yoel Abreu\Documents\epran\Astroweb\AppWeb\backend\run.py", line 186, in <module>
    app, login_manager = create_app()
                         ^^^^^^^^^^^^
  File "c:\Users\Yoel Abreu\Documents\epran\Astroweb\AppWeb\backend\app\__init__.py", line 105, in create_app
    from .routes.merchandisers import merchandisers_bp
  File "c:\Users\Yoel Abreu\Documents\epran\Astroweb\AppWeb\backend\app\routes\merchandisers.py", line 6, in <module>
    from app.utils.exif_helper import extract_metadata, extract_metadata_with_fallback
  File "c:\Users\Yoel Abreu\Documents\epran\Astroweb\AppWeb\backend\app\utils\exif_helper.py", line 2, in <module>
    import exifread
ModuleNotFoundError: No module named 'exifread'
================================================================================

================================================================================
ERROR: 2026-02-04 16:18:01
Type: ModuleNotFoundError
Message: No module named 'exifread'
Traceback:
Traceback (most recent call last):
  File "c:\Users\Yoel Abreu\Documents\epran\Astroweb\AppWeb\backend\run.py", line 186, in <module>
    app, login_manager = create_app()
                         ^^^^^^^^^^^^
  File "c:\Users\Yoel Abreu\Documents\epran\Astroweb\AppWeb\backend\app\__init__.py", line 105, in create_app
    from .routes.merchandisers import merchandisers_bp
  File "c:\Users\Yoel Abreu\Documents\epran\Astroweb\AppWeb\backend\app\routes\merchandisers.py", line 6, in <module>
    from app.utils.exif_helper import extract_metadata, extract_metadata_with_fallback
  File "c:\Users\Yoel Abreu\Documents\epran\Astroweb\AppWeb\backend\app\utils\exif_helper.py", line 2, in <module>
    import exifread
ModuleNotFoundError: No module named 'exifread'
================================================================================

================================================================================
ERROR: 2026-02-09 16:37:27
Type: ModuleNotFoundError
Message: No module named 'exifread'
Traceback:
Traceback (most recent call last):
  File "c:\Users\Yoel Abreu\Documents\epran\Astroweb\AppWeb\backend\run.py", line 186, in <module>
    app, login_manager = create_app()
                         ^^^^^^^^^^^^
  File "c:\Users\Yoel Abreu\Documents\epran\Astroweb\AppWeb\backend\app\__init__.py", line 105, in create_app
    from .routes.merchandisers import merchandisers_bp
  File "c:\Users\Yoel Abreu\Documents\epran\Astroweb\AppWeb\backend\app\routes\merchandisers.py", line 6, in <module>
    from app.utils.exif_helper import extract_metadata, extract_metadata_with_fallback
  File "c:\Users\Yoel Abreu\Documents\epran\Astroweb\AppWeb\backend\app\utils\exif_helper.py", line 2, in <module>
    import exifread
ModuleNotFoundError: No module named 'exifread'
================================================================================

================================================================================
ERROR: 2026-02-09 16:37:51
Type: ModuleNotFoundError
Message: No module named 'exifread'
Traceback:
Traceback (most recent call last):
  File "c:\Users\Yoel Abreu\Documents\epran\Astroweb\AppWeb\backend\run.py", line 186, in <module>
    app, login_manager = create_app()
                         ^^^^^^^^^^^^
  File "c:\Users\Yoel Abreu\Documents\epran\Astroweb\AppWeb\backend\app\__init__.py", line 105, in create_app
    from .routes.merchandisers import merchandisers_bp
  File "c:\Users\Yoel Abreu\Documents\epran\Astroweb\AppWeb\backend\app\routes\merchandisers.py", line 6, in <module>
    from app.utils.exif_helper import extract_metadata, extract_metadata_with_fallback
  File "c:\Users\Yoel Abreu\Documents\epran\Astroweb\AppWeb\backend\app\utils\exif_helper.py", line 2, in <module>
    import exifread
ModuleNotFoundError: No module named 'exifread'
================================================================================

================================================================================
ERROR: 2026-02-12 12:19:01
Type: ModuleNotFoundError
Message: No module named 'exifread'
Traceback:
Traceback (most recent call last):
  File "c:\Users\Yoel Abreu\Documents\epran\Astroweb\AppWeb\backend\run.py", line 186, in <module>
    app, login_manager = create_app()
                         ^^^^^^^^^^^^
  File "c:\Users\Yoel Abreu\Documents\epran\Astroweb\AppWeb\backend\app\__init__.py", line 105, in create_app
    from .routes.merchandisers import merchandisers_bp
  File "c:\Users\Yoel Abreu\Documents\epran\Astroweb\AppWeb\backend\app\routes\merchandisers.py", line 6, in <module>
    from app.utils.exif_helper import extract_metadata, extract_metadata_with_fallback
  File "c:\Users\Yoel Abreu\Documents\epran\Astroweb\AppWeb\backend\app\utils\exif_helper.py", line 2, in <module>
    import exifread
ModuleNotFoundError: No module named 'exifread'
================================================================================

================================================================================
ERROR: 2026-02-12 12:19:17
Type: ModuleNotFoundError
Message: No module named 'exifread'
Traceback:
Traceback (most recent call last):
  File "c:\Users\Yoel Abreu\Documents\epran\Astroweb\AppWeb\backend\run.py", line 186, in <module>
    app, login_manager = create_app()
                         ^^^^^^^^^^^^
  File "c:\Users\Yoel Abreu\Documents\epran\Astroweb\AppWeb\backend\app\__init__.py", line 105, in create_app
    from .routes.merchandisers import merchandisers_bp
  File "c:\Users\Yoel Abreu\Documents\epran\Astroweb\AppWeb\backend\app\routes\merchandisers.py", line 6, in <module>
    from app.utils.exif_helper import extract_metadata, extract_metadata_with_fallback
  File "c:\Users\Yoel Abreu\Documents\epran\Astroweb\AppWeb\backend\app\utils\exif_helper.py", line 2, in <module>
    import exifread
ModuleNotFoundError: No module named 'exifread'
================================================================================

================================================================================
ERROR: 2026-02-12 12:49:51
Type: ModuleNotFoundError
Message: No module named 'exifread'
Traceback:
Traceback (most recent call last):
  File "c:\Users\Yoel Abreu\Documents\epran\Astroweb\AppWeb\backend\run.py", line 186, in <module>
    app, login_manager = create_app()
                         ^^^^^^^^^^^^
  File "c:\Users\Yoel Abreu\Documents\epran\Astroweb\AppWeb\backend\app\__init__.py", line 105, in create_app
    from .routes.merchandisers import merchandisers_bp
  File "c:\Users\Yoel Abreu\Documents\epran\Astroweb\AppWeb\backend\app\routes\merchandisers.py", line 6, in <module>
    from app.utils.exif_helper import extract_metadata, extract_metadata_with_fallback
  File "c:\Users\Yoel Abreu\Documents\epran\Astroweb\AppWeb\backend\app\utils\exif_helper.py", line 2, in <module>
    import exifread
ModuleNotFoundError: No module named 'exifread'
================================================================================
