2026-01-28 19:22:12,736 - engineio.server - INFO - C:\Users\PC 2\AppData\Local\Packages\PythonSoftwareFoundation.Python.3.13_qbz5n2kfra8p0\LocalCache\local-packages\Python313\site-packages\engineio\base_server.py:112 - Server initialized for eventlet.
2026-01-28 19:24:13,129 - engineio.server - INFO - C:\Users\PC 2\AppData\Local\Packages\PythonSoftwareFoundation.Python.3.13_qbz5n2kfra8p0\LocalCache\local-packages\Python313\site-packages\engineio\base_server.py:112 - Server initialized for eventlet.
2026-01-28 19:25:38,144 - engineio.server - INFO - C:\Users\PC 2\AppData\Local\Packages\PythonSoftwareFoundation.Python.3.13_qbz5n2kfra8p0\LocalCache\local-packages\Python313\site-packages\engineio\base_server.py:112 - Server initialized for eventlet.
2026-01-28 19:25:38,431 - app - INFO - C:\Users\PC 2\Videos\finalziadosisi\Astroweb\AppWeb\backend\app\__init__.py:139 - ✅ WebSocket events registrados correctamente
2026-01-28 19:25:38,434 - app.socket_chat - INFO - C:\Users\PC 2\Videos\finalziadosisi\Astroweb\AppWeb\backend\app\socket_chat.py:255 - ✅ Event handlers del chat registrados correctamente
2026-01-28 19:25:38,437 - app - INFO - C:\Users\PC 2\Videos\finalziadosisi\Astroweb\AppWeb\backend\app\__init__.py:153 - ✅ Eventos de chat WebSocket registrados correctamente
2026-01-28 19:25:50,811 - app - INFO - C:\Users\PC 2\Videos\finalziadosisi\Astroweb\AppWeb\backend\app\routes\auth.py:407 - Intento de login para usuario: Dev
2026-01-28 19:25:53,063 - app - INFO - C:\Users\PC 2\Videos\finalziadosisi\Astroweb\AppWeb\backend\app\utils\auth.py:77 - Hash recuperado para Dev: '$2b$12$3z1VvtzjX2v8s9lDNeDbquextrHcn.1pQWVULeEouZHb6Mv1Xh4O2'
2026-01-28 19:25:53,064 - app - INFO - C:\Users\PC 2\Videos\finalziadosisi\Astroweb\AppWeb\backend\app\utils\auth.py:78 - Longitud del hash: 60
2026-01-28 19:25:53,251 - app - INFO - C:\Users\PC 2\Videos\finalziadosisi\Astroweb\AppWeb\backend\app\utils\auth.py:98 - ✅ Contraseña correcta para usuario Dev
2026-01-28 19:25:54,015 - app - INFO - C:\Users\PC 2\Videos\finalziadosisi\Astroweb\AppWeb\backend\app\routes\auth.py:414 - ✅ Login exitoso para Dev, rol: admin
2026-01-28 19:25:54,015 - app - INFO - C:\Users\PC 2\Videos\finalziadosisi\Astroweb\AppWeb\backend\app\routes\auth.py:418 - Petición AJAX, devolviendo JSON de redirección
2026-01-28 19:28:23,311 - engineio.server - INFO - C:\Users\PC 2\AppData\Local\Packages\PythonSoftwareFoundation.Python.3.13_qbz5n2kfra8p0\LocalCache\local-packages\Python313\site-packages\engineio\base_server.py:112 - Server initialized for eventlet.
2026-01-28 19:28:23,578 - app - INFO - C:\Users\PC 2\Videos\finalziadosisi\Astroweb\AppWeb\backend\app\__init__.py:139 - ✅ WebSocket events registrados correctamente
2026-01-28 19:28:23,586 - app.socket_chat - INFO - C:\Users\PC 2\Videos\finalziadosisi\Astroweb\AppWeb\backend\app\socket_chat.py:255 - ✅ Event handlers del chat registrados correctamente
2026-01-28 19:28:23,595 - app - INFO - C:\Users\PC 2\Videos\finalziadosisi\Astroweb\AppWeb\backend\app\__init__.py:153 - ✅ Eventos de chat WebSocket registrados correctamente
2026-01-28 19:28:32,296 - app - INFO - C:\Users\PC 2\Videos\finalziadosisi\Astroweb\AppWeb\backend\app\routes\auth.py:564 - ✅ Mercaderista autenticado: Jhosanyelis Piñango (Cédula: 32030127)
2026-01-28 19:29:11,112 - exifread - DEBUG - C:\Users\PC 2\AppData\Local\Packages\PythonSoftwareFoundation.Python.3.13_qbz5n2kfra8p0\LocalCache\local-packages\Python313\site-packages\exifread\core\jpeg.py:155 - JPEG format recognized data[0:2]=0xFFD8
2026-01-28 19:29:11,113 - exifread - DEBUG - C:\Users\PC 2\AppData\Local\Packages\PythonSoftwareFoundation.Python.3.13_qbz5n2kfra8p0\LocalCache\local-packages\Python313\site-packages\exifread\core\jpeg.py:18 - data[2]=0xFF data[3]=0xE0 data[6:10]=b'JFIF'
2026-01-28 19:29:11,113 - exifread - DEBUG - C:\Users\PC 2\AppData\Local\Packages\PythonSoftwareFoundation.Python.3.13_qbz5n2kfra8p0\LocalCache\local-packages\Python313\site-packages\exifread\core\jpeg.py:26 -  Length offset is 16
2026-01-28 19:29:11,113 - exifread - DEBUG - C:\Users\PC 2\AppData\Local\Packages\PythonSoftwareFoundation.Python.3.13_qbz5n2kfra8p0\LocalCache\local-packages\Python313\site-packages\exifread\core\jpeg.py:36 -  Added to zero
2026-01-28 19:29:11,113 - exifread - DEBUG - C:\Users\PC 2\AppData\Local\Packages\PythonSoftwareFoundation.Python.3.13_qbz5n2kfra8p0\LocalCache\local-packages\Python313\site-packages\exifread\core\jpeg.py:38 -  Set segment base to 0x14
2026-01-28 19:29:11,114 - exifread - DEBUG - C:\Users\PC 2\AppData\Local\Packages\PythonSoftwareFoundation.Python.3.13_qbz5n2kfra8p0\LocalCache\local-packages\Python313\site-packages\exifread\core\jpeg.py:45 -  Segment base 0x14
2026-01-28 19:29:11,114 - exifread - DEBUG - C:\Users\PC 2\AppData\Local\Packages\PythonSoftwareFoundation.Python.3.13_qbz5n2kfra8p0\LocalCache\local-packages\Python313\site-packages\exifread\core\jpeg.py:74 -   APP2 at base 0x14
2026-01-28 19:29:11,114 - exifread - DEBUG - C:\Users\PC 2\AppData\Local\Packages\PythonSoftwareFoundation.Python.3.13_qbz5n2kfra8p0\LocalCache\local-packages\Python313\site-packages\exifread\core\jpeg.py:75 -   Length: 0xC 0x58
2026-01-28 19:29:11,114 - exifread - DEBUG - C:\Users\PC 2\AppData\Local\Packages\PythonSoftwareFoundation.Python.3.13_qbz5n2kfra8p0\LocalCache\local-packages\Python313\site-packages\exifread\core\jpeg.py:78 -  Code: b'ICC_'
2026-01-28 19:29:11,114 - exifread - DEBUG - C:\Users\PC 2\AppData\Local\Packages\PythonSoftwareFoundation.Python.3.13_qbz5n2kfra8p0\LocalCache\local-packages\Python313\site-packages\exifread\core\jpeg.py:80 -  Increment base by 3162
2026-01-28 19:29:11,114 - exifread - DEBUG - C:\Users\PC 2\AppData\Local\Packages\PythonSoftwareFoundation.Python.3.13_qbz5n2kfra8p0\LocalCache\local-packages\Python313\site-packages\exifread\core\jpeg.py:45 -  Segment base 0xC6E
2026-01-28 19:29:11,115 - exifread - DEBUG - C:\Users\PC 2\AppData\Local\Packages\PythonSoftwareFoundation.Python.3.13_qbz5n2kfra8p0\LocalCache\local-packages\Python313\site-packages\exifread\core\jpeg.py:96 -   JPEG image data at base 0xC6E No more segments are expected.
2026-01-28 19:29:11,115 - exifread - DEBUG - C:\Users\PC 2\AppData\Local\Packages\PythonSoftwareFoundation.Python.3.13_qbz5n2kfra8p0\LocalCache\local-packages\Python313\site-packages\exifread\__init__.py:78 - No EXIF header expected data[2+base]==0xFF and data[6+base:10+base]===Exif (or Duck) Did get 0x0 and b'\x11\x11\x11\x12\x11'
2026-01-28 19:29:11,140 - azure.core.pipeline.policies.http_logging_policy - INFO - C:\Users\PC 2\AppData\Local\Packages\PythonSoftwareFoundation.Python.3.13_qbz5n2kfra8p0\LocalCache\local-packages\Python313\site-packages\azure\core\pipeline\policies\_universal.py:511 - Request URL: 'https://saeprandat001.blob.core.windows.net/epran?restype=REDACTED'
Request method: 'GET'
Request headers:
    'x-ms-version': 'REDACTED'
    'Accept': 'application/xml'
    'User-Agent': 'azsdk-python-storage-blob/12.26.0 Python/3.13.9 (Windows-11-10.0.26100-SP0)'
    'x-ms-date': 'REDACTED'
    'x-ms-client-request-id': '265313b8-fca1-11f0-9609-345a60317539'
    'Authorization': 'REDACTED'
No body was attached to the request
2026-01-28 19:29:11,143 - urllib3.connectionpool - DEBUG - C:\Users\PC 2\AppData\Local\Packages\PythonSoftwareFoundation.Python.3.13_qbz5n2kfra8p0\LocalCache\local-packages\Python313\site-packages\urllib3\connectionpool.py:1049 - Starting new HTTPS connection (1): saeprandat001.blob.core.windows.net:443
2026-01-28 19:29:15,933 - urllib3.connectionpool - DEBUG - C:\Users\PC 2\AppData\Local\Packages\PythonSoftwareFoundation.Python.3.13_qbz5n2kfra8p0\LocalCache\local-packages\Python313\site-packages\urllib3\connectionpool.py:544 - https://saeprandat001.blob.core.windows.net:443 "GET /epran?restype=container HTTP/1.1" 200 0
2026-01-28 19:29:15,936 - azure.core.pipeline.policies.http_logging_policy - INFO - C:\Users\PC 2\AppData\Local\Packages\PythonSoftwareFoundation.Python.3.13_qbz5n2kfra8p0\LocalCache\local-packages\Python313\site-packages\azure\core\pipeline\policies\_universal.py:554 - Response status: 200
Response headers:
    'Content-Length': '0'
    'Last-Modified': 'Tue, 13 Jan 2026 19:59:40 GMT'
    'ETag': '"0x8DE52DE49E05315"'
    'Server': 'Windows-Azure-Blob/1.0 Microsoft-HTTPAPI/2.0'
    'x-ms-request-id': '10943131-f01e-005e-23ad-90b717000000'
    'x-ms-client-request-id': '265313b8-fca1-11f0-9609-345a60317539'
    'x-ms-version': 'REDACTED'
    'x-ms-lease-status': 'REDACTED'
    'x-ms-lease-state': 'REDACTED'
    'x-ms-has-immutability-policy': 'REDACTED'
    'x-ms-has-legal-hold': 'REDACTED'
    'x-ms-immutable-storage-with-versioning-enabled': 'REDACTED'
    'x-ms-default-encryption-scope': 'REDACTED'
    'x-ms-deny-encryption-scope-override': 'REDACTED'
    'Date': 'Wed, 28 Jan 2026 23:29:15 GMT'
2026-01-28 19:29:15,936 - app.utils.azure_storage - INFO - C:\Users\PC 2\Videos\finalziadosisi\Astroweb\AppWeb\backend\app\utils\azure_storage.py:19 - Contenedor 'epran' encontrado
2026-01-28 19:29:15,938 - azure.core.pipeline.policies.http_logging_policy - INFO - C:\Users\PC 2\AppData\Local\Packages\PythonSoftwareFoundation.Python.3.13_qbz5n2kfra8p0\LocalCache\local-packages\Python313\site-packages\azure\core\pipeline\policies\_universal.py:508 - Request URL: 'https://saeprandat001.blob.core.windows.net/epran/activaciones/215_FTD0041_20260128_192911.jpg'
Request method: 'PUT'
Request headers:
    'Content-Length': '62859'
    'x-ms-blob-type': 'REDACTED'
    'x-ms-version': 'REDACTED'
    'Content-Type': 'application/octet-stream'
    'Accept': 'application/xml'
    'User-Agent': 'azsdk-python-storage-blob/12.26.0 Python/3.13.9 (Windows-11-10.0.26100-SP0)'
    'x-ms-date': 'REDACTED'
    'x-ms-client-request-id': '292f3a17-fca1-11f0-80f0-345a60317539'
    'Authorization': 'REDACTED'
A body is sent with the request
2026-01-28 19:29:16,401 - urllib3.connectionpool - DEBUG - C:\Users\PC 2\AppData\Local\Packages\PythonSoftwareFoundation.Python.3.13_qbz5n2kfra8p0\LocalCache\local-packages\Python313\site-packages\urllib3\connectionpool.py:544 - https://saeprandat001.blob.core.windows.net:443 "PUT /epran/activaciones/215_FTD0041_20260128_192911.jpg HTTP/1.1" 201 0
2026-01-28 19:29:16,402 - azure.core.pipeline.policies.http_logging_policy - INFO - C:\Users\PC 2\AppData\Local\Packages\PythonSoftwareFoundation.Python.3.13_qbz5n2kfra8p0\LocalCache\local-packages\Python313\site-packages\azure\core\pipeline\policies\_universal.py:554 - Response status: 201
Response headers:
    'Content-Length': '0'
    'Content-MD5': 'REDACTED'
    'Last-Modified': 'Wed, 28 Jan 2026 23:29:15 GMT'
    'ETag': '"0x8DE5EC50D673209"'
    'Server': 'Windows-Azure-Blob/1.0 Microsoft-HTTPAPI/2.0'
    'x-ms-request-id': '10943176-f01e-005e-60ad-90b717000000'
    'x-ms-client-request-id': '292f3a17-fca1-11f0-80f0-345a60317539'
    'x-ms-version': 'REDACTED'
    'x-ms-content-crc64': 'REDACTED'
    'x-ms-request-server-encrypted': 'REDACTED'
    'Date': 'Wed, 28 Jan 2026 23:29:15 GMT'
2026-01-28 19:29:16,403 - app.utils.azure_storage - INFO - C:\Users\PC 2\Videos\finalziadosisi\Astroweb\AppWeb\backend\app\utils\azure_storage.py:45 - Archivo subido exitosamente: activaciones/215_FTD0041_20260128_192911.jpg
2026-01-28 19:31:14,654 - engineio.server - INFO - C:\Users\PC 2\AppData\Local\Packages\PythonSoftwareFoundation.Python.3.13_qbz5n2kfra8p0\LocalCache\local-packages\Python313\site-packages\engineio\base_server.py:112 - Server initialized for eventlet.
2026-01-28 19:31:14,837 - app - INFO - C:\Users\PC 2\Videos\finalziadosisi\Astroweb\AppWeb\backend\app\__init__.py:139 - ✅ WebSocket events registrados correctamente
2026-01-28 19:31:14,838 - app.socket_chat - INFO - C:\Users\PC 2\Videos\finalziadosisi\Astroweb\AppWeb\backend\app\socket_chat.py:255 - ✅ Event handlers del chat registrados correctamente
2026-01-28 19:31:14,839 - app - INFO - C:\Users\PC 2\Videos\finalziadosisi\Astroweb\AppWeb\backend\app\__init__.py:153 - ✅ Eventos de chat WebSocket registrados correctamente
2026-01-28 19:31:21,562 - exifread - DEBUG - C:\Users\PC 2\AppData\Local\Packages\PythonSoftwareFoundation.Python.3.13_qbz5n2kfra8p0\LocalCache\local-packages\Python313\site-packages\exifread\core\jpeg.py:155 - JPEG format recognized data[0:2]=0xFFD8
2026-01-28 19:31:21,563 - exifread - DEBUG - C:\Users\PC 2\AppData\Local\Packages\PythonSoftwareFoundation.Python.3.13_qbz5n2kfra8p0\LocalCache\local-packages\Python313\site-packages\exifread\core\jpeg.py:18 - data[2]=0xFF data[3]=0xE0 data[6:10]=b'JFIF'
2026-01-28 19:31:21,563 - exifread - DEBUG - C:\Users\PC 2\AppData\Local\Packages\PythonSoftwareFoundation.Python.3.13_qbz5n2kfra8p0\LocalCache\local-packages\Python313\site-packages\exifread\core\jpeg.py:26 -  Length offset is 16
2026-01-28 19:31:21,564 - exifread - DEBUG - C:\Users\PC 2\AppData\Local\Packages\PythonSoftwareFoundation.Python.3.13_qbz5n2kfra8p0\LocalCache\local-packages\Python313\site-packages\exifread\core\jpeg.py:36 -  Added to zero
2026-01-28 19:31:21,564 - exifread - DEBUG - C:\Users\PC 2\AppData\Local\Packages\PythonSoftwareFoundation.Python.3.13_qbz5n2kfra8p0\LocalCache\local-packages\Python313\site-packages\exifread\core\jpeg.py:38 -  Set segment base to 0x14
2026-01-28 19:31:21,564 - exifread - DEBUG - C:\Users\PC 2\AppData\Local\Packages\PythonSoftwareFoundation.Python.3.13_qbz5n2kfra8p0\LocalCache\local-packages\Python313\site-packages\exifread\core\jpeg.py:45 -  Segment base 0x14
2026-01-28 19:31:21,564 - exifread - DEBUG - C:\Users\PC 2\AppData\Local\Packages\PythonSoftwareFoundation.Python.3.13_qbz5n2kfra8p0\LocalCache\local-packages\Python313\site-packages\exifread\core\jpeg.py:74 -   APP2 at base 0x14
2026-01-28 19:31:21,564 - exifread - DEBUG - C:\Users\PC 2\AppData\Local\Packages\PythonSoftwareFoundation.Python.3.13_qbz5n2kfra8p0\LocalCache\local-packages\Python313\site-packages\exifread\core\jpeg.py:75 -   Length: 0xC 0x58
2026-01-28 19:31:21,564 - exifread - DEBUG - C:\Users\PC 2\AppData\Local\Packages\PythonSoftwareFoundation.Python.3.13_qbz5n2kfra8p0\LocalCache\local-packages\Python313\site-packages\exifread\core\jpeg.py:78 -  Code: b'ICC_'
2026-01-28 19:31:21,565 - exifread - DEBUG - C:\Users\PC 2\AppData\Local\Packages\PythonSoftwareFoundation.Python.3.13_qbz5n2kfra8p0\LocalCache\local-packages\Python313\site-packages\exifread\core\jpeg.py:80 -  Increment base by 3162
2026-01-28 19:31:21,565 - exifread - DEBUG - C:\Users\PC 2\AppData\Local\Packages\PythonSoftwareFoundation.Python.3.13_qbz5n2kfra8p0\LocalCache\local-packages\Python313\site-packages\exifread\core\jpeg.py:45 -  Segment base 0xC6E
2026-01-28 19:31:21,565 - exifread - DEBUG - C:\Users\PC 2\AppData\Local\Packages\PythonSoftwareFoundation.Python.3.13_qbz5n2kfra8p0\LocalCache\local-packages\Python313\site-packages\exifread\core\jpeg.py:96 -   JPEG image data at base 0xC6E No more segments are expected.
2026-01-28 19:31:21,565 - exifread - DEBUG - C:\Users\PC 2\AppData\Local\Packages\PythonSoftwareFoundation.Python.3.13_qbz5n2kfra8p0\LocalCache\local-packages\Python313\site-packages\exifread\__init__.py:78 - No EXIF header expected data[2+base]==0xFF and data[6+base:10+base]===Exif (or Duck) Did get 0x0 and b'\x11\x11\x11\x12\x11'
2026-01-28 19:31:21,587 - azure.core.pipeline.policies.http_logging_policy - INFO - C:\Users\PC 2\AppData\Local\Packages\PythonSoftwareFoundation.Python.3.13_qbz5n2kfra8p0\LocalCache\local-packages\Python313\site-packages\azure\core\pipeline\policies\_universal.py:511 - Request URL: 'https://saeprandat001.blob.core.windows.net/epran?restype=REDACTED'
Request method: 'GET'
Request headers:
    'x-ms-version': 'REDACTED'
    'Accept': 'application/xml'
    'User-Agent': 'azsdk-python-storage-blob/12.26.0 Python/3.13.9 (Windows-11-10.0.26100-SP0)'
    'x-ms-date': 'REDACTED'
    'x-ms-client-request-id': '7413d870-fca1-11f0-858d-345a60317539'
    'Authorization': 'REDACTED'
No body was attached to the request
2026-01-28 19:31:21,590 - urllib3.connectionpool - DEBUG - C:\Users\PC 2\AppData\Local\Packages\PythonSoftwareFoundation.Python.3.13_qbz5n2kfra8p0\LocalCache\local-packages\Python313\site-packages\urllib3\connectionpool.py:1049 - Starting new HTTPS connection (1): saeprandat001.blob.core.windows.net:443
2026-01-28 19:31:26,585 - urllib3.connectionpool - DEBUG - C:\Users\PC 2\AppData\Local\Packages\PythonSoftwareFoundation.Python.3.13_qbz5n2kfra8p0\LocalCache\local-packages\Python313\site-packages\urllib3\connectionpool.py:544 - https://saeprandat001.blob.core.windows.net:443 "GET /epran?restype=container HTTP/1.1" 200 0
2026-01-28 19:31:26,587 - azure.core.pipeline.policies.http_logging_policy - INFO - C:\Users\PC 2\AppData\Local\Packages\PythonSoftwareFoundation.Python.3.13_qbz5n2kfra8p0\LocalCache\local-packages\Python313\site-packages\azure\core\pipeline\policies\_universal.py:554 - Response status: 200
Response headers:
    'Content-Length': '0'
    'Last-Modified': 'Tue, 13 Jan 2026 19:59:40 GMT'
    'ETag': '"0x8DE52DE49E05315"'
    'Server': 'Windows-Azure-Blob/1.0 Microsoft-HTTPAPI/2.0'
    'x-ms-request-id': '42e34358-401e-0006-01ae-906f48000000'
    'x-ms-client-request-id': '7413d870-fca1-11f0-858d-345a60317539'
    'x-ms-version': 'REDACTED'
    'x-ms-lease-status': 'REDACTED'
    'x-ms-lease-state': 'REDACTED'
    'x-ms-has-immutability-policy': 'REDACTED'
    'x-ms-has-legal-hold': 'REDACTED'
    'x-ms-immutable-storage-with-versioning-enabled': 'REDACTED'
    'x-ms-default-encryption-scope': 'REDACTED'
    'x-ms-deny-encryption-scope-override': 'REDACTED'
    'Date': 'Wed, 28 Jan 2026 23:31:26 GMT'
2026-01-28 19:31:26,588 - app.utils.azure_storage - INFO - C:\Users\PC 2\Videos\finalziadosisi\Astroweb\AppWeb\backend\app\utils\azure_storage.py:19 - Contenedor 'epran' encontrado
2026-01-28 19:31:26,589 - azure.core.pipeline.policies.http_logging_policy - INFO - C:\Users\PC 2\AppData\Local\Packages\PythonSoftwareFoundation.Python.3.13_qbz5n2kfra8p0\LocalCache\local-packages\Python313\site-packages\azure\core\pipeline\policies\_universal.py:508 - Request URL: 'https://saeprandat001.blob.core.windows.net/epran/precios/Miranda/Caracas/Farmatodo%20Corina/Danibisk/2026-01-28/Jhosanyelis%20Pi%C3%B1ango_20260128_193121_565735.jpg'
Request method: 'PUT'
Request headers:
    'Content-Length': '62859'
    'x-ms-blob-type': 'REDACTED'
    'x-ms-version': 'REDACTED'
    'Content-Type': 'application/octet-stream'
    'Accept': 'application/xml'
    'User-Agent': 'azsdk-python-storage-blob/12.26.0 Python/3.13.9 (Windows-11-10.0.26100-SP0)'
    'x-ms-date': 'REDACTED'
    'x-ms-client-request-id': '770efded-fca1-11f0-a90b-345a60317539'
    'Authorization': 'REDACTED'
A body is sent with the request
2026-01-28 19:31:27,191 - urllib3.connectionpool - DEBUG - C:\Users\PC 2\AppData\Local\Packages\PythonSoftwareFoundation.Python.3.13_qbz5n2kfra8p0\LocalCache\local-packages\Python313\site-packages\urllib3\connectionpool.py:544 - https://saeprandat001.blob.core.windows.net:443 "PUT /epran/precios/Miranda/Caracas/Farmatodo%20Corina/Danibisk/2026-01-28/Jhosanyelis%20Pi%C3%B1ango_20260128_193121_565735.jpg HTTP/1.1" 201 0
2026-01-28 19:31:27,192 - azure.core.pipeline.policies.http_logging_policy - INFO - C:\Users\PC 2\AppData\Local\Packages\PythonSoftwareFoundation.Python.3.13_qbz5n2kfra8p0\LocalCache\local-packages\Python313\site-packages\azure\core\pipeline\policies\_universal.py:554 - Response status: 201
Response headers:
    'Content-Length': '0'
    'Content-MD5': 'REDACTED'
    'Last-Modified': 'Wed, 28 Jan 2026 23:31:26 GMT'
    'ETag': '"0x8DE5EC55B5CCE95"'
    'Server': 'Windows-Azure-Blob/1.0 Microsoft-HTTPAPI/2.0'
    'x-ms-request-id': '42e34495-401e-0006-32ae-906f48000000'
    'x-ms-client-request-id': '770efded-fca1-11f0-a90b-345a60317539'
    'x-ms-version': 'REDACTED'
    'x-ms-content-crc64': 'REDACTED'
    'x-ms-request-server-encrypted': 'REDACTED'
    'Date': 'Wed, 28 Jan 2026 23:31:26 GMT'
2026-01-28 19:31:27,192 - app.utils.azure_storage - INFO - C:\Users\PC 2\Videos\finalziadosisi\Astroweb\AppWeb\backend\app\utils\azure_storage.py:45 - Archivo subido exitosamente: precios/Miranda/Caracas/Farmatodo Corina/Danibisk/2026-01-28/Jhosanyelis Piñango_20260128_193121_565735.jpg
2026-01-28 19:31:30,029 - exifread - DEBUG - C:\Users\PC 2\AppData\Local\Packages\PythonSoftwareFoundation.Python.3.13_qbz5n2kfra8p0\LocalCache\local-packages\Python313\site-packages\exifread\core\find_exif.py:60 - PNG format recognized in data[0:8]=89504e470d0a1a0a
2026-01-28 19:31:30,030 - exifread - DEBUG - C:\Users\PC 2\AppData\Local\Packages\PythonSoftwareFoundation.Python.3.13_qbz5n2kfra8p0\LocalCache\local-packages\Python313\site-packages\exifread\core\find_exif.py:66 - PNG found chunk IHDR
2026-01-28 19:31:30,030 - exifread - DEBUG - C:\Users\PC 2\AppData\Local\Packages\PythonSoftwareFoundation.Python.3.13_qbz5n2kfra8p0\LocalCache\local-packages\Python313\site-packages\exifread\core\find_exif.py:66 - PNG found chunk IDAT
2026-01-28 19:31:30,030 - exifread - DEBUG - C:\Users\PC 2\AppData\Local\Packages\PythonSoftwareFoundation.Python.3.13_qbz5n2kfra8p0\LocalCache\local-packages\Python313\site-packages\exifread\core\find_exif.py:66 - PNG found chunk IEND
2026-01-28 19:31:30,030 - exifread - WARNING - C:\Users\PC 2\AppData\Local\Packages\PythonSoftwareFoundation.Python.3.13_qbz5n2kfra8p0\LocalCache\local-packages\Python313\site-packages\exifread\__init__.py:75 - PNG file does not have exif data.
2026-01-28 19:31:30,031 - azure.core.pipeline.policies.http_logging_policy - INFO - C:\Users\PC 2\AppData\Local\Packages\PythonSoftwareFoundation.Python.3.13_qbz5n2kfra8p0\LocalCache\local-packages\Python313\site-packages\azure\core\pipeline\policies\_universal.py:511 - Request URL: 'https://saeprandat001.blob.core.windows.net/epran?restype=REDACTED'
Request method: 'GET'
Request headers:
    'x-ms-version': 'REDACTED'
    'Accept': 'application/xml'
    'User-Agent': 'azsdk-python-storage-blob/12.26.0 Python/3.13.9 (Windows-11-10.0.26100-SP0)'
    'x-ms-date': 'REDACTED'
    'x-ms-client-request-id': '791c4024-fca1-11f0-ab4b-345a60317539'
    'Authorization': 'REDACTED'
No body was attached to the request
2026-01-28 19:31:30,033 - urllib3.connectionpool - DEBUG - C:\Users\PC 2\AppData\Local\Packages\PythonSoftwareFoundation.Python.3.13_qbz5n2kfra8p0\LocalCache\local-packages\Python313\site-packages\urllib3\connectionpool.py:1049 - Starting new HTTPS connection (1): saeprandat001.blob.core.windows.net:443
2026-01-28 19:31:30,646 - urllib3.connectionpool - DEBUG - C:\Users\PC 2\AppData\Local\Packages\PythonSoftwareFoundation.Python.3.13_qbz5n2kfra8p0\LocalCache\local-packages\Python313\site-packages\urllib3\connectionpool.py:544 - https://saeprandat001.blob.core.windows.net:443 "GET /epran?restype=container HTTP/1.1" 200 0
2026-01-28 19:31:30,647 - azure.core.pipeline.policies.http_logging_policy - INFO - C:\Users\PC 2\AppData\Local\Packages\PythonSoftwareFoundation.Python.3.13_qbz5n2kfra8p0\LocalCache\local-packages\Python313\site-packages\azure\core\pipeline\policies\_universal.py:554 - Response status: 200
Response headers:
    'Content-Length': '0'
    'Last-Modified': 'Tue, 13 Jan 2026 19:59:40 GMT'
    'ETag': '"0x8DE52DE49E05315"'
    'Server': 'Windows-Azure-Blob/1.0 Microsoft-HTTPAPI/2.0'
    'x-ms-request-id': '96176929-a01e-0031-07ae-90bde4000000'
    'x-ms-client-request-id': '791c4024-fca1-11f0-ab4b-345a60317539'
    'x-ms-version': 'REDACTED'
    'x-ms-lease-status': 'REDACTED'
    'x-ms-lease-state': 'REDACTED'
    'x-ms-has-immutability-policy': 'REDACTED'
    'x-ms-has-legal-hold': 'REDACTED'
    'x-ms-immutable-storage-with-versioning-enabled': 'REDACTED'
    'x-ms-default-encryption-scope': 'REDACTED'
    'x-ms-deny-encryption-scope-override': 'REDACTED'
    'Date': 'Wed, 28 Jan 2026 23:31:30 GMT'
2026-01-28 19:31:30,647 - app.utils.azure_storage - INFO - C:\Users\PC 2\Videos\finalziadosisi\Astroweb\AppWeb\backend\app\utils\azure_storage.py:19 - Contenedor 'epran' encontrado
2026-01-28 19:31:30,648 - azure.core.pipeline.policies.http_logging_policy - INFO - C:\Users\PC 2\AppData\Local\Packages\PythonSoftwareFoundation.Python.3.13_qbz5n2kfra8p0\LocalCache\local-packages\Python313\site-packages\azure\core\pipeline\policies\_universal.py:508 - Request URL: 'https://saeprandat001.blob.core.windows.net/epran/precios/Miranda/Caracas/Farmatodo%20Corina/Danibisk/2026-01-28/Jhosanyelis%20Pi%C3%B1ango_20260128_193130_030827.jpg'
Request method: 'PUT'
Request headers:
    'Content-Length': '179352'
    'x-ms-blob-type': 'REDACTED'
    'x-ms-version': 'REDACTED'
    'Content-Type': 'application/octet-stream'
    'Accept': 'application/xml'
    'User-Agent': 'azsdk-python-storage-blob/12.26.0 Python/3.13.9 (Windows-11-10.0.26100-SP0)'
    'x-ms-date': 'REDACTED'
    'x-ms-client-request-id': '797a6533-fca1-11f0-9793-345a60317539'
    'Authorization': 'REDACTED'
A body is sent with the request
2026-01-28 19:31:31,255 - urllib3.connectionpool - DEBUG - C:\Users\PC 2\AppData\Local\Packages\PythonSoftwareFoundation.Python.3.13_qbz5n2kfra8p0\LocalCache\local-packages\Python313\site-packages\urllib3\connectionpool.py:544 - https://saeprandat001.blob.core.windows.net:443 "PUT /epran/precios/Miranda/Caracas/Farmatodo%20Corina/Danibisk/2026-01-28/Jhosanyelis%20Pi%C3%B1ango_20260128_193130_030827.jpg HTTP/1.1" 201 0
2026-01-28 19:31:31,255 - azure.core.pipeline.policies.http_logging_policy - INFO - C:\Users\PC 2\AppData\Local\Packages\PythonSoftwareFoundation.Python.3.13_qbz5n2kfra8p0\LocalCache\local-packages\Python313\site-packages\azure\core\pipeline\policies\_universal.py:554 - Response status: 201
Response headers:
    'Content-Length': '0'
    'Content-MD5': 'REDACTED'
    'Last-Modified': 'Wed, 28 Jan 2026 23:31:30 GMT'
    'ETag': '"0x8DE5EC55DC8DFF0"'
    'Server': 'Windows-Azure-Blob/1.0 Microsoft-HTTPAPI/2.0'
    'x-ms-request-id': '96176950-a01e-0031-24ae-90bde4000000'
    'x-ms-client-request-id': '797a6533-fca1-11f0-9793-345a60317539'
    'x-ms-version': 'REDACTED'
    'x-ms-content-crc64': 'REDACTED'
    'x-ms-request-server-encrypted': 'REDACTED'
    'Date': 'Wed, 28 Jan 2026 23:31:30 GMT'
2026-01-28 19:31:31,256 - app.utils.azure_storage - INFO - C:\Users\PC 2\Videos\finalziadosisi\Astroweb\AppWeb\backend\app\utils\azure_storage.py:45 - Archivo subido exitosamente: precios/Miranda/Caracas/Farmatodo Corina/Danibisk/2026-01-28/Jhosanyelis Piñango_20260128_193130_030827.jpg
2026-01-28 19:33:51,909 - engineio.server - INFO - C:\Users\PC 2\AppData\Local\Packages\PythonSoftwareFoundation.Python.3.13_qbz5n2kfra8p0\LocalCache\local-packages\Python313\site-packages\engineio\base_server.py:112 - Server initialized for eventlet.
2026-01-28 19:33:52,106 - app - INFO - C:\Users\PC 2\Videos\finalziadosisi\Astroweb\AppWeb\backend\app\__init__.py:139 - ✅ WebSocket events registrados correctamente
2026-01-28 19:33:52,107 - app.socket_chat - INFO - C:\Users\PC 2\Videos\finalziadosisi\Astroweb\AppWeb\backend\app\socket_chat.py:255 - ✅ Event handlers del chat registrados correctamente
2026-01-28 19:33:52,108 - app - INFO - C:\Users\PC 2\Videos\finalziadosisi\Astroweb\AppWeb\backend\app\__init__.py:153 - ✅ Eventos de chat WebSocket registrados correctamente
2026-01-28 19:34:01,644 - exifread - DEBUG - C:\Users\PC 2\AppData\Local\Packages\PythonSoftwareFoundation.Python.3.13_qbz5n2kfra8p0\LocalCache\local-packages\Python313\site-packages\exifread\core\find_exif.py:60 - PNG format recognized in data[0:8]=89504e470d0a1a0a
2026-01-28 19:34:01,645 - exifread - DEBUG - C:\Users\PC 2\AppData\Local\Packages\PythonSoftwareFoundation.Python.3.13_qbz5n2kfra8p0\LocalCache\local-packages\Python313\site-packages\exifread\core\find_exif.py:66 - PNG found chunk IHDR
2026-01-28 19:34:01,645 - exifread - DEBUG - C:\Users\PC 2\AppData\Local\Packages\PythonSoftwareFoundation.Python.3.13_qbz5n2kfra8p0\LocalCache\local-packages\Python313\site-packages\exifread\core\find_exif.py:66 - PNG found chunk IDAT
2026-01-28 19:34:01,645 - exifread - DEBUG - C:\Users\PC 2\AppData\Local\Packages\PythonSoftwareFoundation.Python.3.13_qbz5n2kfra8p0\LocalCache\local-packages\Python313\site-packages\exifread\core\find_exif.py:66 - PNG found chunk IEND
2026-01-28 19:34:01,645 - exifread - WARNING - C:\Users\PC 2\AppData\Local\Packages\PythonSoftwareFoundation.Python.3.13_qbz5n2kfra8p0\LocalCache\local-packages\Python313\site-packages\exifread\__init__.py:75 - PNG file does not have exif data.
2026-01-28 19:34:01,667 - azure.core.pipeline.policies.http_logging_policy - INFO - C:\Users\PC 2\AppData\Local\Packages\PythonSoftwareFoundation.Python.3.13_qbz5n2kfra8p0\LocalCache\local-packages\Python313\site-packages\azure\core\pipeline\policies\_universal.py:511 - Request URL: 'https://saeprandat001.blob.core.windows.net/epran?restype=REDACTED'
Request method: 'GET'
Request headers:
    'x-ms-version': 'REDACTED'
    'Accept': 'application/xml'
    'User-Agent': 'azsdk-python-storage-blob/12.26.0 Python/3.13.9 (Windows-11-10.0.26100-SP0)'
    'x-ms-date': 'REDACTED'
    'x-ms-client-request-id': 'd37e1dd3-fca1-11f0-8148-345a60317539'
    'Authorization': 'REDACTED'
No body was attached to the request
2026-01-28 19:34:01,670 - urllib3.connectionpool - DEBUG - C:\Users\PC 2\AppData\Local\Packages\PythonSoftwareFoundation.Python.3.13_qbz5n2kfra8p0\LocalCache\local-packages\Python313\site-packages\urllib3\connectionpool.py:1049 - Starting new HTTPS connection (1): saeprandat001.blob.core.windows.net:443
2026-01-28 19:34:03,179 - exifread - DEBUG - C:\Users\PC 2\AppData\Local\Packages\PythonSoftwareFoundation.Python.3.13_qbz5n2kfra8p0\LocalCache\local-packages\Python313\site-packages\exifread\core\find_exif.py:60 - PNG format recognized in data[0:8]=89504e470d0a1a0a
2026-01-28 19:34:03,180 - exifread - DEBUG - C:\Users\PC 2\AppData\Local\Packages\PythonSoftwareFoundation.Python.3.13_qbz5n2kfra8p0\LocalCache\local-packages\Python313\site-packages\exifread\core\find_exif.py:66 - PNG found chunk IHDR
2026-01-28 19:34:03,181 - exifread - DEBUG - C:\Users\PC 2\AppData\Local\Packages\PythonSoftwareFoundation.Python.3.13_qbz5n2kfra8p0\LocalCache\local-packages\Python313\site-packages\exifread\core\find_exif.py:66 - PNG found chunk IDAT
2026-01-28 19:34:03,181 - exifread - DEBUG - C:\Users\PC 2\AppData\Local\Packages\PythonSoftwareFoundation.Python.3.13_qbz5n2kfra8p0\LocalCache\local-packages\Python313\site-packages\exifread\core\find_exif.py:66 - PNG found chunk IEND
2026-01-28 19:34:03,181 - exifread - WARNING - C:\Users\PC 2\AppData\Local\Packages\PythonSoftwareFoundation.Python.3.13_qbz5n2kfra8p0\LocalCache\local-packages\Python313\site-packages\exifread\__init__.py:75 - PNG file does not have exif data.
2026-01-28 19:34:03,182 - azure.core.pipeline.policies.http_logging_policy - INFO - C:\Users\PC 2\AppData\Local\Packages\PythonSoftwareFoundation.Python.3.13_qbz5n2kfra8p0\LocalCache\local-packages\Python313\site-packages\azure\core\pipeline\policies\_universal.py:511 - Request URL: 'https://saeprandat001.blob.core.windows.net/epran?restype=REDACTED'
Request method: 'GET'
Request headers:
    'x-ms-version': 'REDACTED'
    'Accept': 'application/xml'
    'User-Agent': 'azsdk-python-storage-blob/12.26.0 Python/3.13.9 (Windows-11-10.0.26100-SP0)'
    'x-ms-date': 'REDACTED'
    'x-ms-client-request-id': 'd4653545-fca1-11f0-bac2-345a60317539'
    'Authorization': 'REDACTED'
No body was attached to the request
2026-01-28 19:34:03,183 - urllib3.connectionpool - DEBUG - C:\Users\PC 2\AppData\Local\Packages\PythonSoftwareFoundation.Python.3.13_qbz5n2kfra8p0\LocalCache\local-packages\Python313\site-packages\urllib3\connectionpool.py:1049 - Starting new HTTPS connection (1): saeprandat001.blob.core.windows.net:443
2026-01-28 19:34:06,597 - urllib3.connectionpool - DEBUG - C:\Users\PC 2\AppData\Local\Packages\PythonSoftwareFoundation.Python.3.13_qbz5n2kfra8p0\LocalCache\local-packages\Python313\site-packages\urllib3\connectionpool.py:544 - https://saeprandat001.blob.core.windows.net:443 "GET /epran?restype=container HTTP/1.1" 200 0
2026-01-28 19:34:06,599 - azure.core.pipeline.policies.http_logging_policy - INFO - C:\Users\PC 2\AppData\Local\Packages\PythonSoftwareFoundation.Python.3.13_qbz5n2kfra8p0\LocalCache\local-packages\Python313\site-packages\azure\core\pipeline\policies\_universal.py:554 - Response status: 200
Response headers:
    'Content-Length': '0'
    'Last-Modified': 'Tue, 13 Jan 2026 19:59:40 GMT'
    'ETag': '"0x8DE52DE49E05315"'
    'Server': 'Windows-Azure-Blob/1.0 Microsoft-HTTPAPI/2.0'
    'x-ms-request-id': 'c367a0e4-c01e-0008-10ae-9046f8000000'
    'x-ms-client-request-id': 'd37e1dd3-fca1-11f0-8148-345a60317539'
    'x-ms-version': 'REDACTED'
    'x-ms-lease-status': 'REDACTED'
    'x-ms-lease-state': 'REDACTED'
    'x-ms-has-immutability-policy': 'REDACTED'
    'x-ms-has-legal-hold': 'REDACTED'
    'x-ms-immutable-storage-with-versioning-enabled': 'REDACTED'
    'x-ms-default-encryption-scope': 'REDACTED'
    'x-ms-deny-encryption-scope-override': 'REDACTED'
    'Date': 'Wed, 28 Jan 2026 23:34:05 GMT'
2026-01-28 19:34:06,600 - app.utils.azure_storage - INFO - C:\Users\PC 2\Videos\finalziadosisi\Astroweb\AppWeb\backend\app\utils\azure_storage.py:19 - Contenedor 'epran' encontrado
2026-01-28 19:34:06,601 - azure.core.pipeline.policies.http_logging_policy - INFO - C:\Users\PC 2\AppData\Local\Packages\PythonSoftwareFoundation.Python.3.13_qbz5n2kfra8p0\LocalCache\local-packages\Python313\site-packages\azure\core\pipeline\policies\_universal.py:508 - Request URL: 'https://saeprandat001.blob.core.windows.net/epran/gestion/Miranda/Caracas/Farmatodo%20Corina/Danibisk/2026-01-28/antes/Jhosanyelis%20Pi%C3%B1ango_20260128_193401_646007.jpg'
Request method: 'PUT'
Request headers:
    'Content-Length': '179352'
    'x-ms-blob-type': 'REDACTED'
    'x-ms-version': 'REDACTED'
    'Content-Type': 'application/octet-stream'
    'Accept': 'application/xml'
    'User-Agent': 'azsdk-python-storage-blob/12.26.0 Python/3.13.9 (Windows-11-10.0.26100-SP0)'
    'x-ms-date': 'REDACTED'
    'x-ms-client-request-id': 'd66eec2d-fca1-11f0-80c7-345a60317539'
    'Authorization': 'REDACTED'
A body is sent with the request
2026-01-28 19:34:07,325 - urllib3.connectionpool - DEBUG - C:\Users\PC 2\AppData\Local\Packages\PythonSoftwareFoundation.Python.3.13_qbz5n2kfra8p0\LocalCache\local-packages\Python313\site-packages\urllib3\connectionpool.py:544 - https://saeprandat001.blob.core.windows.net:443 "PUT /epran/gestion/Miranda/Caracas/Farmatodo%20Corina/Danibisk/2026-01-28/antes/Jhosanyelis%20Pi%C3%B1ango_20260128_193401_646007.jpg HTTP/1.1" 201 0
2026-01-28 19:34:07,326 - azure.core.pipeline.policies.http_logging_policy - INFO - C:\Users\PC 2\AppData\Local\Packages\PythonSoftwareFoundation.Python.3.13_qbz5n2kfra8p0\LocalCache\local-packages\Python313\site-packages\azure\core\pipeline\policies\_universal.py:554 - Response status: 201
Response headers:
    'Content-Length': '0'
    'Content-MD5': 'REDACTED'
    'Last-Modified': 'Wed, 28 Jan 2026 23:34:06 GMT'
    'ETag': '"0x8DE5EC5BAD0238C"'
    'Server': 'Windows-Azure-Blob/1.0 Microsoft-HTTPAPI/2.0'
    'x-ms-request-id': 'c367a120-c01e-0008-41ae-9046f8000000'
    'x-ms-client-request-id': 'd66eec2d-fca1-11f0-80c7-345a60317539'
    'x-ms-version': 'REDACTED'
    'x-ms-content-crc64': 'REDACTED'
    'x-ms-request-server-encrypted': 'REDACTED'
    'Date': 'Wed, 28 Jan 2026 23:34:05 GMT'
2026-01-28 19:34:07,326 - app.utils.azure_storage - INFO - C:\Users\PC 2\Videos\finalziadosisi\Astroweb\AppWeb\backend\app\utils\azure_storage.py:45 - Archivo subido exitosamente: gestion/Miranda/Caracas/Farmatodo Corina/Danibisk/2026-01-28/antes/Jhosanyelis Piñango_20260128_193401_646007.jpg
2026-01-28 19:34:09,241 - exifread - DEBUG - C:\Users\PC 2\AppData\Local\Packages\PythonSoftwareFoundation.Python.3.13_qbz5n2kfra8p0\LocalCache\local-packages\Python313\site-packages\exifread\core\jpeg.py:155 - JPEG format recognized data[0:2]=0xFFD8
2026-01-28 19:34:09,241 - exifread - DEBUG - C:\Users\PC 2\AppData\Local\Packages\PythonSoftwareFoundation.Python.3.13_qbz5n2kfra8p0\LocalCache\local-packages\Python313\site-packages\exifread\core\jpeg.py:18 - data[2]=0xFF data[3]=0xE0 data[6:10]=b'JFIF'
2026-01-28 19:34:09,242 - exifread - DEBUG - C:\Users\PC 2\AppData\Local\Packages\PythonSoftwareFoundation.Python.3.13_qbz5n2kfra8p0\LocalCache\local-packages\Python313\site-packages\exifread\core\jpeg.py:26 -  Length offset is 16
2026-01-28 19:34:09,242 - exifread - DEBUG - C:\Users\PC 2\AppData\Local\Packages\PythonSoftwareFoundation.Python.3.13_qbz5n2kfra8p0\LocalCache\local-packages\Python313\site-packages\exifread\core\jpeg.py:36 -  Added to zero
2026-01-28 19:34:09,242 - exifread - DEBUG - C:\Users\PC 2\AppData\Local\Packages\PythonSoftwareFoundation.Python.3.13_qbz5n2kfra8p0\LocalCache\local-packages\Python313\site-packages\exifread\core\jpeg.py:38 -  Set segment base to 0x14
2026-01-28 19:34:09,242 - exifread - DEBUG - C:\Users\PC 2\AppData\Local\Packages\PythonSoftwareFoundation.Python.3.13_qbz5n2kfra8p0\LocalCache\local-packages\Python313\site-packages\exifread\core\jpeg.py:45 -  Segment base 0x14
2026-01-28 19:34:09,242 - exifread - DEBUG - C:\Users\PC 2\AppData\Local\Packages\PythonSoftwareFoundation.Python.3.13_qbz5n2kfra8p0\LocalCache\local-packages\Python313\site-packages\exifread\core\jpeg.py:74 -   APP2 at base 0x14
2026-01-28 19:34:09,243 - exifread - DEBUG - C:\Users\PC 2\AppData\Local\Packages\PythonSoftwareFoundation.Python.3.13_qbz5n2kfra8p0\LocalCache\local-packages\Python313\site-packages\exifread\core\jpeg.py:75 -   Length: 0xC 0x58
2026-01-28 19:34:09,243 - exifread - DEBUG - C:\Users\PC 2\AppData\Local\Packages\PythonSoftwareFoundation.Python.3.13_qbz5n2kfra8p0\LocalCache\local-packages\Python313\site-packages\exifread\core\jpeg.py:78 -  Code: b'ICC_'
2026-01-28 19:34:09,243 - exifread - DEBUG - C:\Users\PC 2\AppData\Local\Packages\PythonSoftwareFoundation.Python.3.13_qbz5n2kfra8p0\LocalCache\local-packages\Python313\site-packages\exifread\core\jpeg.py:80 -  Increment base by 3162
2026-01-28 19:34:09,243 - exifread - DEBUG - C:\Users\PC 2\AppData\Local\Packages\PythonSoftwareFoundation.Python.3.13_qbz5n2kfra8p0\LocalCache\local-packages\Python313\site-packages\exifread\core\jpeg.py:45 -  Segment base 0xC6E
2026-01-28 19:34:09,243 - exifread - DEBUG - C:\Users\PC 2\AppData\Local\Packages\PythonSoftwareFoundation.Python.3.13_qbz5n2kfra8p0\LocalCache\local-packages\Python313\site-packages\exifread\core\jpeg.py:96 -   JPEG image data at base 0xC6E No more segments are expected.
2026-01-28 19:34:09,243 - exifread - DEBUG - C:\Users\PC 2\AppData\Local\Packages\PythonSoftwareFoundation.Python.3.13_qbz5n2kfra8p0\LocalCache\local-packages\Python313\site-packages\exifread\__init__.py:78 - No EXIF header expected data[2+base]==0xFF and data[6+base:10+base]===Exif (or Duck) Did get 0x0 and b'\x11\x11\x11\x12\x11'
2026-01-28 19:34:09,244 - azure.core.pipeline.policies.http_logging_policy - INFO - C:\Users\PC 2\AppData\Local\Packages\PythonSoftwareFoundation.Python.3.13_qbz5n2kfra8p0\LocalCache\local-packages\Python313\site-packages\azure\core\pipeline\policies\_universal.py:511 - Request URL: 'https://saeprandat001.blob.core.windows.net/epran?restype=REDACTED'
Request method: 'GET'
Request headers:
    'x-ms-version': 'REDACTED'
    'Accept': 'application/xml'
    'User-Agent': 'azsdk-python-storage-blob/12.26.0 Python/3.13.9 (Windows-11-10.0.26100-SP0)'
    'x-ms-date': 'REDACTED'
    'x-ms-client-request-id': 'd80242c3-fca1-11f0-85bd-345a60317539'
    'Authorization': 'REDACTED'
No body was attached to the request
2026-01-28 19:34:09,245 - urllib3.connectionpool - DEBUG - C:\Users\PC 2\AppData\Local\Packages\PythonSoftwareFoundation.Python.3.13_qbz5n2kfra8p0\LocalCache\local-packages\Python313\site-packages\urllib3\connectionpool.py:1049 - Starting new HTTPS connection (1): saeprandat001.blob.core.windows.net:443
2026-01-28 19:34:09,726 - urllib3.connectionpool - DEBUG - C:\Users\PC 2\AppData\Local\Packages\PythonSoftwareFoundation.Python.3.13_qbz5n2kfra8p0\LocalCache\local-packages\Python313\site-packages\urllib3\connectionpool.py:544 - https://saeprandat001.blob.core.windows.net:443 "GET /epran?restype=container HTTP/1.1" 200 0
2026-01-28 19:34:09,727 - azure.core.pipeline.policies.http_logging_policy - INFO - C:\Users\PC 2\AppData\Local\Packages\PythonSoftwareFoundation.Python.3.13_qbz5n2kfra8p0\LocalCache\local-packages\Python313\site-packages\azure\core\pipeline\policies\_universal.py:554 - Response status: 200
Response headers:
    'Content-Length': '0'
    'Last-Modified': 'Tue, 13 Jan 2026 19:59:40 GMT'
    'ETag': '"0x8DE52DE49E05315"'
    'Server': 'Windows-Azure-Blob/1.0 Microsoft-HTTPAPI/2.0'
    'x-ms-request-id': 'fc2d7dc7-401e-0064-3fae-90ad6f000000'
    'x-ms-client-request-id': 'd4653545-fca1-11f0-bac2-345a60317539'
    'x-ms-version': 'REDACTED'
    'x-ms-lease-status': 'REDACTED'
    'x-ms-lease-state': 'REDACTED'
    'x-ms-has-immutability-policy': 'REDACTED'
    'x-ms-has-legal-hold': 'REDACTED'
    'x-ms-immutable-storage-with-versioning-enabled': 'REDACTED'
    'x-ms-default-encryption-scope': 'REDACTED'
    'x-ms-deny-encryption-scope-override': 'REDACTED'
    'Date': 'Wed, 28 Jan 2026 23:34:08 GMT'
2026-01-28 19:34:09,728 - app.utils.azure_storage - INFO - C:\Users\PC 2\Videos\finalziadosisi\Astroweb\AppWeb\backend\app\utils\azure_storage.py:19 - Contenedor 'epran' encontrado
2026-01-28 19:34:09,729 - azure.core.pipeline.policies.http_logging_policy - INFO - C:\Users\PC 2\AppData\Local\Packages\PythonSoftwareFoundation.Python.3.13_qbz5n2kfra8p0\LocalCache\local-packages\Python313\site-packages\azure\core\pipeline\policies\_universal.py:508 - Request URL: 'https://saeprandat001.blob.core.windows.net/epran/gestion/Miranda/Caracas/Farmatodo%20Corina/Danibisk/2026-01-28/antes/Jhosanyelis%20Pi%C3%B1ango_20260128_193403_181553.jpg'
Request method: 'PUT'
Request headers:
    'Content-Length': '179352'
    'x-ms-blob-type': 'REDACTED'
    'x-ms-version': 'REDACTED'
    'Content-Type': 'application/octet-stream'
    'Accept': 'application/xml'
    'User-Agent': 'azsdk-python-storage-blob/12.26.0 Python/3.13.9 (Windows-11-10.0.26100-SP0)'
    'x-ms-date': 'REDACTED'
    'x-ms-client-request-id': 'd84c33f1-fca1-11f0-a853-345a60317539'
    'Authorization': 'REDACTED'
A body is sent with the request
2026-01-28 19:34:10,016 - urllib3.connectionpool - DEBUG - C:\Users\PC 2\AppData\Local\Packages\PythonSoftwareFoundation.Python.3.13_qbz5n2kfra8p0\LocalCache\local-packages\Python313\site-packages\urllib3\connectionpool.py:544 - https://saeprandat001.blob.core.windows.net:443 "GET /epran?restype=container HTTP/1.1" 200 0
2026-01-28 19:34:10,017 - azure.core.pipeline.policies.http_logging_policy - INFO - C:\Users\PC 2\AppData\Local\Packages\PythonSoftwareFoundation.Python.3.13_qbz5n2kfra8p0\LocalCache\local-packages\Python313\site-packages\azure\core\pipeline\policies\_universal.py:554 - Response status: 200
Response headers:
    'Content-Length': '0'
    'Last-Modified': 'Tue, 13 Jan 2026 19:59:40 GMT'
    'ETag': '"0x8DE52DE49E05315"'
    'Server': 'Windows-Azure-Blob/1.0 Microsoft-HTTPAPI/2.0'
    'x-ms-request-id': '6f589b19-001e-0075-57ae-9037db000000'
    'x-ms-client-request-id': 'd80242c3-fca1-11f0-85bd-345a60317539'
    'x-ms-version': 'REDACTED'
    'x-ms-lease-status': 'REDACTED'
    'x-ms-lease-state': 'REDACTED'
    'x-ms-has-immutability-policy': 'REDACTED'
    'x-ms-has-legal-hold': 'REDACTED'
    'x-ms-immutable-storage-with-versioning-enabled': 'REDACTED'
    'x-ms-default-encryption-scope': 'REDACTED'
    'x-ms-deny-encryption-scope-override': 'REDACTED'
    'Date': 'Wed, 28 Jan 2026 23:34:09 GMT'
2026-01-28 19:34:10,017 - app.utils.azure_storage - INFO - C:\Users\PC 2\Videos\finalziadosisi\Astroweb\AppWeb\backend\app\utils\azure_storage.py:19 - Contenedor 'epran' encontrado
2026-01-28 19:34:10,018 - azure.core.pipeline.policies.http_logging_policy - INFO - C:\Users\PC 2\AppData\Local\Packages\PythonSoftwareFoundation.Python.3.13_qbz5n2kfra8p0\LocalCache\local-packages\Python313\site-packages\azure\core\pipeline\policies\_universal.py:508 - Request URL: 'https://saeprandat001.blob.core.windows.net/epran/gestion/Miranda/Caracas/Farmatodo%20Corina/Danibisk/2026-01-28/despues/Jhosanyelis%20Pi%C3%B1ango_20260128_193409_244099.jpg'
Request method: 'PUT'
Request headers:
    'Content-Length': '62859'
    'x-ms-blob-type': 'REDACTED'
    'x-ms-version': 'REDACTED'
    'Content-Type': 'application/octet-stream'
    'Accept': 'application/xml'
    'User-Agent': 'azsdk-python-storage-blob/12.26.0 Python/3.13.9 (Windows-11-10.0.26100-SP0)'
    'x-ms-date': 'REDACTED'
    'x-ms-client-request-id': 'd8785ac5-fca1-11f0-8e6a-345a60317539'
    'Authorization': 'REDACTED'
A body is sent with the request
2026-01-28 19:34:10,350 - urllib3.connectionpool - DEBUG - C:\Users\PC 2\AppData\Local\Packages\PythonSoftwareFoundation.Python.3.13_qbz5n2kfra8p0\LocalCache\local-packages\Python313\site-packages\urllib3\connectionpool.py:544 - https://saeprandat001.blob.core.windows.net:443 "PUT /epran/gestion/Miranda/Caracas/Farmatodo%20Corina/Danibisk/2026-01-28/antes/Jhosanyelis%20Pi%C3%B1ango_20260128_193403_181553.jpg HTTP/1.1" 201 0
2026-01-28 19:34:10,350 - azure.core.pipeline.policies.http_logging_policy - INFO - C:\Users\PC 2\AppData\Local\Packages\PythonSoftwareFoundation.Python.3.13_qbz5n2kfra8p0\LocalCache\local-packages\Python313\site-packages\azure\core\pipeline\policies\_universal.py:554 - Response status: 201
Response headers:
    'Content-Length': '0'
    'Content-MD5': 'REDACTED'
    'Last-Modified': 'Wed, 28 Jan 2026 23:34:09 GMT'
    'ETag': '"0x8DE5EC5BC9DC223"'
    'Server': 'Windows-Azure-Blob/1.0 Microsoft-HTTPAPI/2.0'
    'x-ms-request-id': 'fc2d7e05-401e-0064-79ae-90ad6f000000'
    'x-ms-client-request-id': 'd84c33f1-fca1-11f0-a853-345a60317539'
    'x-ms-version': 'REDACTED'
    'x-ms-content-crc64': 'REDACTED'
    'x-ms-request-server-encrypted': 'REDACTED'
    'Date': 'Wed, 28 Jan 2026 23:34:09 GMT'
2026-01-28 19:34:10,351 - app.utils.azure_storage - INFO - C:\Users\PC 2\Videos\finalziadosisi\Astroweb\AppWeb\backend\app\utils\azure_storage.py:45 - Archivo subido exitosamente: gestion/Miranda/Caracas/Farmatodo Corina/Danibisk/2026-01-28/antes/Jhosanyelis Piñango_20260128_193403_181553.jpg
2026-01-28 19:34:11,480 - exifread - DEBUG - C:\Users\PC 2\AppData\Local\Packages\PythonSoftwareFoundation.Python.3.13_qbz5n2kfra8p0\LocalCache\local-packages\Python313\site-packages\exifread\core\jpeg.py:155 - JPEG format recognized data[0:2]=0xFFD8
2026-01-28 19:34:11,480 - exifread - DEBUG - C:\Users\PC 2\AppData\Local\Packages\PythonSoftwareFoundation.Python.3.13_qbz5n2kfra8p0\LocalCache\local-packages\Python313\site-packages\exifread\core\jpeg.py:18 - data[2]=0xFF data[3]=0xE0 data[6:10]=b'JFIF'
2026-01-28 19:34:11,481 - exifread - DEBUG - C:\Users\PC 2\AppData\Local\Packages\PythonSoftwareFoundation.Python.3.13_qbz5n2kfra8p0\LocalCache\local-packages\Python313\site-packages\exifread\core\jpeg.py:26 -  Length offset is 16
2026-01-28 19:34:11,481 - exifread - DEBUG - C:\Users\PC 2\AppData\Local\Packages\PythonSoftwareFoundation.Python.3.13_qbz5n2kfra8p0\LocalCache\local-packages\Python313\site-packages\exifread\core\jpeg.py:36 -  Added to zero
2026-01-28 19:34:11,481 - exifread - DEBUG - C:\Users\PC 2\AppData\Local\Packages\PythonSoftwareFoundation.Python.3.13_qbz5n2kfra8p0\LocalCache\local-packages\Python313\site-packages\exifread\core\jpeg.py:38 -  Set segment base to 0x14
2026-01-28 19:34:11,481 - exifread - DEBUG - C:\Users\PC 2\AppData\Local\Packages\PythonSoftwareFoundation.Python.3.13_qbz5n2kfra8p0\LocalCache\local-packages\Python313\site-packages\exifread\core\jpeg.py:45 -  Segment base 0x14
2026-01-28 19:34:11,481 - exifread - DEBUG - C:\Users\PC 2\AppData\Local\Packages\PythonSoftwareFoundation.Python.3.13_qbz5n2kfra8p0\LocalCache\local-packages\Python313\site-packages\exifread\core\jpeg.py:74 -   APP2 at base 0x14
2026-01-28 19:34:11,482 - exifread - DEBUG - C:\Users\PC 2\AppData\Local\Packages\PythonSoftwareFoundation.Python.3.13_qbz5n2kfra8p0\LocalCache\local-packages\Python313\site-packages\exifread\core\jpeg.py:75 -   Length: 0xC 0x58
2026-01-28 19:34:11,482 - exifread - DEBUG - C:\Users\PC 2\AppData\Local\Packages\PythonSoftwareFoundation.Python.3.13_qbz5n2kfra8p0\LocalCache\local-packages\Python313\site-packages\exifread\core\jpeg.py:78 -  Code: b'ICC_'
2026-01-28 19:34:11,482 - exifread - DEBUG - C:\Users\PC 2\AppData\Local\Packages\PythonSoftwareFoundation.Python.3.13_qbz5n2kfra8p0\LocalCache\local-packages\Python313\site-packages\exifread\core\jpeg.py:80 -  Increment base by 3162
2026-01-28 19:34:11,482 - exifread - DEBUG - C:\Users\PC 2\AppData\Local\Packages\PythonSoftwareFoundation.Python.3.13_qbz5n2kfra8p0\LocalCache\local-packages\Python313\site-packages\exifread\core\jpeg.py:45 -  Segment base 0xC6E
2026-01-28 19:34:11,482 - exifread - DEBUG - C:\Users\PC 2\AppData\Local\Packages\PythonSoftwareFoundation.Python.3.13_qbz5n2kfra8p0\LocalCache\local-packages\Python313\site-packages\exifread\core\jpeg.py:96 -   JPEG image data at base 0xC6E No more segments are expected.
2026-01-28 19:34:11,482 - exifread - DEBUG - C:\Users\PC 2\AppData\Local\Packages\PythonSoftwareFoundation.Python.3.13_qbz5n2kfra8p0\LocalCache\local-packages\Python313\site-packages\exifread\__init__.py:78 - No EXIF header expected data[2+base]==0xFF and data[6+base:10+base]===Exif (or Duck) Did get 0x0 and b'\x11\x11\x11\x12\x11'
2026-01-28 19:34:11,483 - azure.core.pipeline.policies.http_logging_policy - INFO - C:\Users\PC 2\AppData\Local\Packages\PythonSoftwareFoundation.Python.3.13_qbz5n2kfra8p0\LocalCache\local-packages\Python313\site-packages\azure\core\pipeline\policies\_universal.py:511 - Request URL: 'https://saeprandat001.blob.core.windows.net/epran?restype=REDACTED'
Request method: 'GET'
Request headers:
    'x-ms-version': 'REDACTED'
    'Accept': 'application/xml'
    'User-Agent': 'azsdk-python-storage-blob/12.26.0 Python/3.13.9 (Windows-11-10.0.26100-SP0)'
    'x-ms-date': 'REDACTED'
    'x-ms-client-request-id': 'd957e893-fca1-11f0-8c64-345a60317539'
    'Authorization': 'REDACTED'
No body was attached to the request
2026-01-28 19:34:11,484 - urllib3.connectionpool - DEBUG - C:\Users\PC 2\AppData\Local\Packages\PythonSoftwareFoundation.Python.3.13_qbz5n2kfra8p0\LocalCache\local-packages\Python313\site-packages\urllib3\connectionpool.py:1049 - Starting new HTTPS connection (1): saeprandat001.blob.core.windows.net:443
2026-01-28 19:34:11,485 - urllib3.connectionpool - DEBUG - C:\Users\PC 2\AppData\Local\Packages\PythonSoftwareFoundation.Python.3.13_qbz5n2kfra8p0\LocalCache\local-packages\Python313\site-packages\urllib3\connectionpool.py:544 - https://saeprandat001.blob.core.windows.net:443 "PUT /epran/gestion/Miranda/Caracas/Farmatodo%20Corina/Danibisk/2026-01-28/despues/Jhosanyelis%20Pi%C3%B1ango_20260128_193409_244099.jpg HTTP/1.1" 201 0
2026-01-28 19:34:11,486 - azure.core.pipeline.policies.http_logging_policy - INFO - C:\Users\PC 2\AppData\Local\Packages\PythonSoftwareFoundation.Python.3.13_qbz5n2kfra8p0\LocalCache\local-packages\Python313\site-packages\azure\core\pipeline\policies\_universal.py:554 - Response status: 201
Response headers:
    'Content-Length': '0'
    'Content-MD5': 'REDACTED'
    'Last-Modified': 'Wed, 28 Jan 2026 23:34:10 GMT'
    'ETag': '"0x8DE5EC5BCB69DAC"'
    'Server': 'Windows-Azure-Blob/1.0 Microsoft-HTTPAPI/2.0'
    'x-ms-request-id': '6f589b4f-001e-0075-80ae-9037db000000'
    'x-ms-client-request-id': 'd8785ac5-fca1-11f0-8e6a-345a60317539'
    'x-ms-version': 'REDACTED'
    'x-ms-content-crc64': 'REDACTED'
    'x-ms-request-server-encrypted': 'REDACTED'
    'Date': 'Wed, 28 Jan 2026 23:34:09 GMT'
2026-01-28 19:34:11,486 - app.utils.azure_storage - INFO - C:\Users\PC 2\Videos\finalziadosisi\Astroweb\AppWeb\backend\app\utils\azure_storage.py:45 - Archivo subido exitosamente: gestion/Miranda/Caracas/Farmatodo Corina/Danibisk/2026-01-28/despues/Jhosanyelis Piñango_20260128_193409_244099.jpg
2026-01-28 19:34:13,075 - urllib3.connectionpool - DEBUG - C:\Users\PC 2\AppData\Local\Packages\PythonSoftwareFoundation.Python.3.13_qbz5n2kfra8p0\LocalCache\local-packages\Python313\site-packages\urllib3\connectionpool.py:544 - https://saeprandat001.blob.core.windows.net:443 "GET /epran?restype=container HTTP/1.1" 200 0
2026-01-28 19:34:13,076 - azure.core.pipeline.policies.http_logging_policy - INFO - C:\Users\PC 2\AppData\Local\Packages\PythonSoftwareFoundation.Python.3.13_qbz5n2kfra8p0\LocalCache\local-packages\Python313\site-packages\azure\core\pipeline\policies\_universal.py:554 - Response status: 200
Response headers:
    'Content-Length': '0'
    'Last-Modified': 'Tue, 13 Jan 2026 19:59:40 GMT'
    'ETag': '"0x8DE52DE49E05315"'
    'Server': 'Windows-Azure-Blob/1.0 Microsoft-HTTPAPI/2.0'
    'x-ms-request-id': '41ebbb7d-801e-0026-75ae-9014ef000000'
    'x-ms-client-request-id': 'd957e893-fca1-11f0-8c64-345a60317539'
    'x-ms-version': 'REDACTED'
    'x-ms-lease-status': 'REDACTED'
    'x-ms-lease-state': 'REDACTED'
    'x-ms-has-immutability-policy': 'REDACTED'
    'x-ms-has-legal-hold': 'REDACTED'
    'x-ms-immutable-storage-with-versioning-enabled': 'REDACTED'
    'x-ms-default-encryption-scope': 'REDACTED'
    'x-ms-deny-encryption-scope-override': 'REDACTED'
    'Date': 'Wed, 28 Jan 2026 23:34:12 GMT'
2026-01-28 19:34:13,076 - app.utils.azure_storage - INFO - C:\Users\PC 2\Videos\finalziadosisi\Astroweb\AppWeb\backend\app\utils\azure_storage.py:19 - Contenedor 'epran' encontrado
2026-01-28 19:34:13,078 - azure.core.pipeline.policies.http_logging_policy - INFO - C:\Users\PC 2\AppData\Local\Packages\PythonSoftwareFoundation.Python.3.13_qbz5n2kfra8p0\LocalCache\local-packages\Python313\site-packages\azure\core\pipeline\policies\_universal.py:508 - Request URL: 'https://saeprandat001.blob.core.windows.net/epran/gestion/Miranda/Caracas/Farmatodo%20Corina/Danibisk/2026-01-28/despues/Jhosanyelis%20Pi%C3%B1ango_20260128_193411_483098.jpg'
Request method: 'PUT'
Request headers:
    'Content-Length': '62859'
    'x-ms-blob-type': 'REDACTED'
    'x-ms-version': 'REDACTED'
    'Content-Type': 'application/octet-stream'
    'Accept': 'application/xml'
    'User-Agent': 'azsdk-python-storage-blob/12.26.0 Python/3.13.9 (Windows-11-10.0.26100-SP0)'
    'x-ms-date': 'REDACTED'
    'x-ms-client-request-id': 'da4b2cbc-fca1-11f0-bd8d-345a60317539'
    'Authorization': 'REDACTED'
A body is sent with the request
2026-01-28 19:34:13,565 - urllib3.connectionpool - DEBUG - C:\Users\PC 2\AppData\Local\Packages\PythonSoftwareFoundation.Python.3.13_qbz5n2kfra8p0\LocalCache\local-packages\Python313\site-packages\urllib3\connectionpool.py:544 - https://saeprandat001.blob.core.windows.net:443 "PUT /epran/gestion/Miranda/Caracas/Farmatodo%20Corina/Danibisk/2026-01-28/despues/Jhosanyelis%20Pi%C3%B1ango_20260128_193411_483098.jpg HTTP/1.1" 201 0
2026-01-28 19:34:13,565 - azure.core.pipeline.policies.http_logging_policy - INFO - C:\Users\PC 2\AppData\Local\Packages\PythonSoftwareFoundation.Python.3.13_qbz5n2kfra8p0\LocalCache\local-packages\Python313\site-packages\azure\core\pipeline\policies\_universal.py:554 - Response status: 201
Response headers:
    'Content-Length': '0'
    'Content-MD5': 'REDACTED'
    'Last-Modified': 'Wed, 28 Jan 2026 23:34:13 GMT'
    'ETag': '"0x8DE5EC5BE885A59"'
    'Server': 'Windows-Azure-Blob/1.0 Microsoft-HTTPAPI/2.0'
    'x-ms-request-id': '41ebbbb1-801e-0026-21ae-9014ef000000'
    'x-ms-client-request-id': 'da4b2cbc-fca1-11f0-bd8d-345a60317539'
    'x-ms-version': 'REDACTED'
    'x-ms-content-crc64': 'REDACTED'
    'x-ms-request-server-encrypted': 'REDACTED'
    'Date': 'Wed, 28 Jan 2026 23:34:12 GMT'
2026-01-28 19:34:13,566 - app.utils.azure_storage - INFO - C:\Users\PC 2\Videos\finalziadosisi\Astroweb\AppWeb\backend\app\utils\azure_storage.py:45 - Archivo subido exitosamente: gestion/Miranda/Caracas/Farmatodo Corina/Danibisk/2026-01-28/despues/Jhosanyelis Piñango_20260128_193411_483098.jpg
2026-01-28 19:34:53,259 - exifread - DEBUG - C:\Users\PC 2\AppData\Local\Packages\PythonSoftwareFoundation.Python.3.13_qbz5n2kfra8p0\LocalCache\local-packages\Python313\site-packages\exifread\core\find_exif.py:60 - PNG format recognized in data[0:8]=89504e470d0a1a0a
2026-01-28 19:34:53,259 - exifread - DEBUG - C:\Users\PC 2\AppData\Local\Packages\PythonSoftwareFoundation.Python.3.13_qbz5n2kfra8p0\LocalCache\local-packages\Python313\site-packages\exifread\core\find_exif.py:66 - PNG found chunk IHDR
2026-01-28 19:34:53,260 - exifread - DEBUG - C:\Users\PC 2\AppData\Local\Packages\PythonSoftwareFoundation.Python.3.13_qbz5n2kfra8p0\LocalCache\local-packages\Python313\site-packages\exifread\core\find_exif.py:66 - PNG found chunk IDAT
2026-01-28 19:34:53,260 - exifread - DEBUG - C:\Users\PC 2\AppData\Local\Packages\PythonSoftwareFoundation.Python.3.13_qbz5n2kfra8p0\LocalCache\local-packages\Python313\site-packages\exifread\core\find_exif.py:66 - PNG found chunk IEND
2026-01-28 19:34:53,260 - exifread - WARNING - C:\Users\PC 2\AppData\Local\Packages\PythonSoftwareFoundation.Python.3.13_qbz5n2kfra8p0\LocalCache\local-packages\Python313\site-packages\exifread\__init__.py:75 - PNG file does not have exif data.
2026-01-28 19:34:53,261 - azure.core.pipeline.policies.http_logging_policy - INFO - C:\Users\PC 2\AppData\Local\Packages\PythonSoftwareFoundation.Python.3.13_qbz5n2kfra8p0\LocalCache\local-packages\Python313\site-packages\azure\core\pipeline\policies\_universal.py:511 - Request URL: 'https://saeprandat001.blob.core.windows.net/epran?restype=REDACTED'
Request method: 'GET'
Request headers:
    'x-ms-version': 'REDACTED'
    'Accept': 'application/xml'
    'User-Agent': 'azsdk-python-storage-blob/12.26.0 Python/3.13.9 (Windows-11-10.0.26100-SP0)'
    'x-ms-date': 'REDACTED'
    'x-ms-client-request-id': 'f23eb6a7-fca1-11f0-9a68-345a60317539'
    'Authorization': 'REDACTED'
No body was attached to the request
2026-01-28 19:34:53,262 - urllib3.connectionpool - DEBUG - C:\Users\PC 2\AppData\Local\Packages\PythonSoftwareFoundation.Python.3.13_qbz5n2kfra8p0\LocalCache\local-packages\Python313\site-packages\urllib3\connectionpool.py:1049 - Starting new HTTPS connection (1): saeprandat001.blob.core.windows.net:443
2026-01-28 19:34:55,977 - urllib3.connectionpool - DEBUG - C:\Users\PC 2\AppData\Local\Packages\PythonSoftwareFoundation.Python.3.13_qbz5n2kfra8p0\LocalCache\local-packages\Python313\site-packages\urllib3\connectionpool.py:544 - https://saeprandat001.blob.core.windows.net:443 "GET /epran?restype=container HTTP/1.1" 200 0
2026-01-28 19:34:55,978 - azure.core.pipeline.policies.http_logging_policy - INFO - C:\Users\PC 2\AppData\Local\Packages\PythonSoftwareFoundation.Python.3.13_qbz5n2kfra8p0\LocalCache\local-packages\Python313\site-packages\azure\core\pipeline\policies\_universal.py:554 - Response status: 200
Response headers:
    'Content-Length': '0'
    'Last-Modified': 'Tue, 13 Jan 2026 19:59:40 GMT'
    'ETag': '"0x8DE52DE49E05315"'
    'Server': 'Windows-Azure-Blob/1.0 Microsoft-HTTPAPI/2.0'
    'x-ms-request-id': '6f58e3b3-001e-0075-1dae-9037db000000'
    'x-ms-client-request-id': 'f23eb6a7-fca1-11f0-9a68-345a60317539'
    'x-ms-version': 'REDACTED'
    'x-ms-lease-status': 'REDACTED'
    'x-ms-lease-state': 'REDACTED'
    'x-ms-has-immutability-policy': 'REDACTED'
    'x-ms-has-legal-hold': 'REDACTED'
    'x-ms-immutable-storage-with-versioning-enabled': 'REDACTED'
    'x-ms-default-encryption-scope': 'REDACTED'
    'x-ms-deny-encryption-scope-override': 'REDACTED'
    'Date': 'Wed, 28 Jan 2026 23:34:54 GMT'
2026-01-28 19:34:55,978 - app.utils.azure_storage - INFO - C:\Users\PC 2\Videos\finalziadosisi\Astroweb\AppWeb\backend\app\utils\azure_storage.py:19 - Contenedor 'epran' encontrado
2026-01-28 19:34:55,979 - azure.core.pipeline.policies.http_logging_policy - INFO - C:\Users\PC 2\AppData\Local\Packages\PythonSoftwareFoundation.Python.3.13_qbz5n2kfra8p0\LocalCache\local-packages\Python313\site-packages\azure\core\pipeline\policies\_universal.py:508 - Request URL: 'https://saeprandat001.blob.core.windows.net/epran/desactivacion/215_FTD0041_20260128_193453.jpg'
Request method: 'PUT'
Request headers:
    'Content-Length': '179352'
    'x-ms-blob-type': 'REDACTED'
    'x-ms-version': 'REDACTED'
    'Content-Type': 'application/octet-stream'
    'Accept': 'application/xml'
    'User-Agent': 'azsdk-python-storage-blob/12.26.0 Python/3.13.9 (Windows-11-10.0.26100-SP0)'
    'x-ms-date': 'REDACTED'
    'x-ms-client-request-id': 'f3dd77fb-fca1-11f0-a53d-345a60317539'
    'Authorization': 'REDACTED'
A body is sent with the request
2026-01-28 19:34:56,590 - urllib3.connectionpool - DEBUG - C:\Users\PC 2\AppData\Local\Packages\PythonSoftwareFoundation.Python.3.13_qbz5n2kfra8p0\LocalCache\local-packages\Python313\site-packages\urllib3\connectionpool.py:544 - https://saeprandat001.blob.core.windows.net:443 "PUT /epran/desactivacion/215_FTD0041_20260128_193453.jpg HTTP/1.1" 201 0
2026-01-28 19:34:56,590 - azure.core.pipeline.policies.http_logging_policy - INFO - C:\Users\PC 2\AppData\Local\Packages\PythonSoftwareFoundation.Python.3.13_qbz5n2kfra8p0\LocalCache\local-packages\Python313\site-packages\azure\core\pipeline\policies\_universal.py:554 - Response status: 201
Response headers:
    'Content-Length': '0'
    'Content-MD5': 'REDACTED'
    'Last-Modified': 'Wed, 28 Jan 2026 23:34:56 GMT'
    'ETag': '"0x8DE5EC5D82DA863"'
    'Server': 'Windows-Azure-Blob/1.0 Microsoft-HTTPAPI/2.0'
    'x-ms-request-id': '6f58e3e0-001e-0075-45ae-9037db000000'
    'x-ms-client-request-id': 'f3dd77fb-fca1-11f0-a53d-345a60317539'
    'x-ms-version': 'REDACTED'
    'x-ms-content-crc64': 'REDACTED'
    'x-ms-request-server-encrypted': 'REDACTED'
    'Date': 'Wed, 28 Jan 2026 23:34:55 GMT'
2026-01-28 19:34:56,591 - app.utils.azure_storage - INFO - C:\Users\PC 2\Videos\finalziadosisi\Astroweb\AppWeb\backend\app\utils\azure_storage.py:45 - Archivo subido exitosamente: desactivacion/215_FTD0041_20260128_193453.jpg
